<?xml version="1.0" encoding="UTF-8"?>
<coverage generated="1677252379789" clover="3.2.0">
  <project timestamp="1677252379789" name="All files">
    <metrics statements="28" coveredstatements="8" conditionals="2" coveredconditionals="0" methods="12" coveredmethods="2" elements="42" coveredelements="10" complexity="0" loc="28" ncloc="28" packages="3" files="6" classes="6"/>
    <package name="src">
      <metrics statements="2" coveredstatements="1" conditionals="0" coveredconditionals="0" methods="1" coveredmethods="1"/>
      <file name="App.jsx" path="/Users/rosario/Documents/GitHub/DEV001-notesR/src/App.jsx">
        <metrics statements="1" coveredstatements="1" conditionals="0" coveredconditionals="0" methods="1" coveredmethods="1"/>
        <line num="11" count="1" type="stmt"/>
      </file>
      <file name="main.jsx" path="/Users/rosario/Documents/GitHub/DEV001-notesR/src/main.jsx">
        <metrics statements="1" coveredstatements="0" conditionals="0" coveredconditionals="0" methods="0" coveredmethods="0"/>
        <line num="6" count="0" type="stmt"/>
      </file>
    </package>
    <package name="src.components">
      <metrics statements="19" coveredstatements="3" conditionals="2" coveredconditionals="0" methods="9" coveredmethods="1"/>
      <file name="Login.jsx" path="/Users/rosario/Documents/GitHub/DEV001-notesR/src/components/Login.jsx">
        <metrics statements="5" coveredstatements="3" conditionals="0" coveredconditionals="0" methods="3" coveredmethods="1"/>
        <line num="8" count="1" type="stmt"/>
        <line num="9" count="1" type="stmt"/>
        <line num="10" count="0" type="stmt"/>
        <line num="11" count="0" type="stmt"/>
        <line num="17" count="1" type="stmt"/>
      </file>
      <file name="Notes.jsx" path="/Users/rosario/Documents/GitHub/DEV001-notesR/src/components/Notes.jsx">
        <metrics statements="13" coveredstatements="0" conditionals="2" coveredconditionals="0" methods="5" coveredmethods="0"/>
        <line num="9" count="0" type="stmt"/>
        <line num="10" count="0" type="stmt"/>
        <line num="11" count="0" type="stmt"/>
        <line num="12" count="0" type="stmt"/>
        <line num="13" count="0" type="cond" truecount="0" falsecount="2"/>
        <line num="14" count="0" type="stmt"/>
        <line num="18" count="0" type="stmt"/>
        <line num="19" count="0" type="stmt"/>
        <line num="20" count="0" type="stmt"/>
        <line num="21" count="0" type="stmt"/>
        <line num="22" count="0" type="stmt"/>
        <line num="24" count="0" type="stmt"/>
        <line num="28" count="0" type="stmt"/>
      </file>
      <file name="Signup.jsx" path="/Users/rosario/Documents/GitHub/DEV001-notesR/src/components/Signup.jsx">
        <metrics statements="1" coveredstatements="0" conditionals="0" coveredconditionals="0" methods="1" coveredmethods="0"/>
        <line num="4" count="0" type="stmt"/>
      </file>
    </package>
    <package name="src.firebase">
      <metrics statements="7" coveredstatements="4" conditionals="0" coveredconditionals="0" methods="2" coveredmethods="0"/>
      <file name="Auth.jsx" path="/Users/rosario/Documents/GitHub/DEV001-notesR/src/firebase/Auth.jsx">
        <metrics statements="7" coveredstatements="4" conditionals="0" coveredconditionals="0" methods="2" coveredmethods="0"/>
        <line num="7" count="1" type="stmt"/>
        <line num="17" count="1" type="stmt"/>
        <line num="18" count="1" type="stmt"/>
        <line num="22" count="1" type="stmt"/>
        <line num="23" count="0" type="stmt"/>
        <line num="24" count="0" type="stmt"/>
        <line num="28" count="0" type="stmt"/>
      </file>
    </package>
  </project>
</coverage>
