{"/Users/rosario/Documents/GitHub/DEV001-notesR/src/App.jsx": {"path":"/Users/rosario/Documents/GitHub/DEV001-notesR/src/App.jsx","statementMap":{"0":{"start":{"line":10,"column":2},"end":{"line":17,"column":4}}},"fnMap":{"0":{"name":"App","decl":{"start":{"line":9,"column":9},"end":{"line":9,"column":12}},"loc":{"start":{"line":9,"column":15},"end":{"line":18,"column":1}},"line":9}},"branchMap":{},"s":{"0":1},"f":{"0":1},"b":{},"_coverageSchema":"1a1c01bbd47fc00a2c39e90264f33305004495a9","hash":"db88dbcc0a07fd4761260e013c97316277bee664"}
,"/Users/rosario/Documents/GitHub/DEV001-notesR/src/main.jsx": {"path":"/Users/rosario/Documents/GitHub/DEV001-notesR/src/main.jsx","statementMap":{"0":{"start":{"line":6,"column":0},"end":{"line":10,"column":2}}},"fnMap":{},"branchMap":{},"s":{"0":0},"f":{},"b":{}}
,"/Users/rosario/Documents/GitHub/DEV001-notesR/src/components/form.jsx": {"path":"/Users/rosario/Documents/GitHub/DEV001-notesR/src/components/form.jsx","statementMap":{"0":{"start":{"line":10,"column":20},"end":{"line":13,"column":3}},"1":{"start":{"line":16,"column":26},"end":{"line":16,"column":45}},"2":{"start":{"line":19,"column":21},"end":{"line":22,"column":3}},"3":{"start":{"line":20,"column":28},"end":{"line":20,"column":36}},"4":{"start":{"line":21,"column":4},"end":{"line":21,"column":40}},"5":{"start":{"line":24,"column":20},"end":{"line":34,"column":3}},"6":{"start":{"line":25,"column":4},"end":{"line":25,"column":23}},"7":{"start":{"line":26,"column":4},"end":{"line":32,"column":5}},"8":{"start":{"line":27,"column":6},"end":{"line":29,"column":9}},"9":{"start":{"line":31,"column":6},"end":{"line":31,"column":25}},"10":{"start":{"line":33,"column":4},"end":{"line":33,"column":30}},"11":{"start":{"line":36,"column":2},"end":{"line":42,"column":4}}},"fnMap":{"0":{"name":"NotesForm","decl":{"start":{"line":9,"column":9},"end":{"line":9,"column":18}},"loc":{"start":{"line":9,"column":21},"end":{"line":43,"column":1}},"line":9},"1":{"name":"(anonymous_1)","decl":{"start":{"line":19,"column":21},"end":{"line":19,"column":22}},"loc":{"start":{"line":19,"column":28},"end":{"line":22,"column":3}},"line":19},"2":{"name":"(anonymous_2)","decl":{"start":{"line":24,"column":20},"end":{"line":24,"column":21}},"loc":{"start":{"line":24,"column":33},"end":{"line":34,"column":3}},"line":24}},"branchMap":{},"s":{"0":0,"1":0,"2":0,"3":0,"4":0,"5":0,"6":0,"7":0,"8":0,"9":0,"10":0,"11":0},"f":{"0":0,"1":0,"2":0},"b":{},"_coverageSchema":"1a1c01bbd47fc00a2c39e90264f33305004495a9","hash":"c26da83627fecfd96e049c113c0dbe64417d5b80"}
,"/Users/rosario/Documents/GitHub/DEV001-notesR/src/components/login.jsx": {"path":"/Users/rosario/Documents/GitHub/DEV001-notesR/src/components/login.jsx","statementMap":{"0":{"start":{"line":8,"column":19},"end":{"line":8,"column":32}},"1":{"start":{"line":9,"column":23},"end":{"line":15,"column":3}},"2":{"start":{"line":10,"column":4},"end":{"line":14,"column":28}},"3":{"start":{"line":11,"column":6},"end":{"line":11,"column":25}},"4":{"start":{"line":17,"column":2},"end":{"line":32,"column":4}}},"fnMap":{"0":{"name":"Login","decl":{"start":{"line":7,"column":9},"end":{"line":7,"column":14}},"loc":{"start":{"line":7,"column":17},"end":{"line":33,"column":1}},"line":7},"1":{"name":"(anonymous_1)","decl":{"start":{"line":9,"column":23},"end":{"line":9,"column":24}},"loc":{"start":{"line":9,"column":29},"end":{"line":15,"column":3}},"line":9},"2":{"name":"(anonymous_2)","decl":{"start":{"line":10,"column":23},"end":{"line":10,"column":24}},"loc":{"start":{"line":10,"column":29},"end":{"line":12,"column":5}},"line":10}},"branchMap":{},"s":{"0":1,"1":1,"2":0,"3":0,"4":1},"f":{"0":1,"1":0,"2":0},"b":{},"_coverageSchema":"1a1c01bbd47fc00a2c39e90264f33305004495a9","hash":"420993c0ae1ef93120b71f20311347eb34c3c0e7"}
,"/Users/rosario/Documents/GitHub/DEV001-notesR/src/components/notes.jsx": {"path":"/Users/rosario/Documents/GitHub/DEV001-notesR/src/components/notes.jsx","statementMap":{"0":{"start":{"line":11,"column":26},"end":{"line":11,"column":38}},"1":{"start":{"line":13,"column":2},"end":{"line":18,"column":5}},"2":{"start":{"line":14,"column":28},"end":{"line":14,"column":32}},"3":{"start":{"line":15,"column":4},"end":{"line":17,"column":5}},"4":{"start":{"line":16,"column":6},"end":{"line":16,"column":27}},"5":{"start":{"line":20,"column":19},"end":{"line":20,"column":32}},"6":{"start":{"line":21,"column":18},"end":{"line":28,"column":3}},"7":{"start":{"line":22,"column":4},"end":{"line":27,"column":7}},"8":{"start":{"line":23,"column":6},"end":{"line":23,"column":49}},"9":{"start":{"line":24,"column":6},"end":{"line":24,"column":20}},"10":{"start":{"line":26,"column":6},"end":{"line":26,"column":25}},"11":{"start":{"line":30,"column":2},"end":{"line":52,"column":4}}},"fnMap":{"0":{"name":"Notes","decl":{"start":{"line":10,"column":9},"end":{"line":10,"column":14}},"loc":{"start":{"line":10,"column":17},"end":{"line":53,"column":1}},"line":10},"1":{"name":"(anonymous_1)","decl":{"start":{"line":13,"column":27},"end":{"line":13,"column":28}},"loc":{"start":{"line":13,"column":37},"end":{"line":18,"column":3}},"line":13},"2":{"name":"(anonymous_2)","decl":{"start":{"line":21,"column":18},"end":{"line":21,"column":19}},"loc":{"start":{"line":21,"column":24},"end":{"line":28,"column":3}},"line":21},"3":{"name":"(anonymous_3)","decl":{"start":{"line":22,"column":22},"end":{"line":22,"column":23}},"loc":{"start":{"line":22,"column":28},"end":{"line":25,"column":5}},"line":22},"4":{"name":"(anonymous_4)","decl":{"start":{"line":25,"column":13},"end":{"line":25,"column":14}},"loc":{"start":{"line":25,"column":24},"end":{"line":27,"column":5}},"line":25}},"branchMap":{"0":{"loc":{"start":{"line":15,"column":4},"end":{"line":17,"column":5}},"type":"if","locations":[{"start":{"line":15,"column":4},"end":{"line":17,"column":5}},{"start":{},"end":{}}],"line":15}},"s":{"0":0,"1":0,"2":0,"3":0,"4":0,"5":0,"6":0,"7":0,"8":0,"9":0,"10":0,"11":0},"f":{"0":0,"1":0,"2":0,"3":0,"4":0},"b":{"0":[0,0]},"_coverageSchema":"1a1c01bbd47fc00a2c39e90264f33305004495a9","hash":"b77f2cb8f5d26b89f01a8d64ca4e5f9b68f0e789"}
,"/Users/rosario/Documents/GitHub/DEV001-notesR/src/components/notesList.jsx": {"path":"/Users/rosario/Documents/GitHub/DEV001-notesR/src/components/notesList.jsx","statementMap":{"0":{"start":{"line":13,"column":26},"end":{"line":13,"column":38}},"1":{"start":{"line":16,"column":2},"end":{"line":31,"column":9}},"2":{"start":{"line":17,"column":18},"end":{"line":29,"column":5}},"3":{"start":{"line":18,"column":6},"end":{"line":28,"column":7}},"4":{"start":{"line":19,"column":30},"end":{"line":19,"column":74}},"5":{"start":{"line":20,"column":21},"end":{"line":20,"column":23}},"6":{"start":{"line":21,"column":8},"end":{"line":24,"column":11}},"7":{"start":{"line":22,"column":10},"end":{"line":22,"column":33}},"8":{"start":{"line":23,"column":10},"end":{"line":23,"column":53}},"9":{"start":{"line":25,"column":8},"end":{"line":25,"column":22}},"10":{"start":{"line":27,"column":8},"end":{"line":27,"column":27}},"11":{"start":{"line":30,"column":4},"end":{"line":30,"column":12}},"12":{"start":{"line":33,"column":2},"end":{"line":57,"column":4}},"13":{"start":{"line":37,"column":10},"end":{"line":37,"column":26}},"14":{"start":{"line":38,"column":10},"end":{"line":51,"column":12}}},"fnMap":{"0":{"name":"NotesList","decl":{"start":{"line":11,"column":9},"end":{"line":11,"column":18}},"loc":{"start":{"line":11,"column":21},"end":{"line":58,"column":1}},"line":11},"1":{"name":"(anonymous_1)","decl":{"start":{"line":16,"column":12},"end":{"line":16,"column":13}},"loc":{"start":{"line":16,"column":18},"end":{"line":31,"column":3}},"line":16},"2":{"name":"(anonymous_2)","decl":{"start":{"line":17,"column":18},"end":{"line":17,"column":19}},"loc":{"start":{"line":17,"column":30},"end":{"line":29,"column":5}},"line":17},"3":{"name":"(anonymous_3)","decl":{"start":{"line":21,"column":30},"end":{"line":21,"column":31}},"loc":{"start":{"line":21,"column":40},"end":{"line":24,"column":9}},"line":21},"4":{"name":"(anonymous_4)","decl":{"start":{"line":36,"column":17},"end":{"line":36,"column":18}},"loc":{"start":{"line":36,"column":25},"end":{"line":52,"column":9}},"line":36}},"branchMap":{},"s":{"0":0,"1":0,"2":0,"3":0,"4":0,"5":0,"6":0,"7":0,"8":0,"9":0,"10":0,"11":0,"12":0,"13":0,"14":0},"f":{"0":0,"1":0,"2":0,"3":0,"4":0},"b":{},"_coverageSchema":"1a1c01bbd47fc00a2c39e90264f33305004495a9","hash":"075a9955ca13291c86fd5baf4c3be868ff233ae6"}
,"/Users/rosario/Documents/GitHub/DEV001-notesR/src/firebase/firebase-init.jsx": {"path":"/Users/rosario/Documents/GitHub/DEV001-notesR/src/firebase/firebase-init.jsx","statementMap":{"0":{"start":{"line":20,"column":23},"end":{"line":28,"column":1}},"1":{"start":{"line":30,"column":19},"end":{"line":30,"column":48}},"2":{"start":{"line":31,"column":20},"end":{"line":31,"column":32}},"3":{"start":{"line":32,"column":24},"end":{"line":32,"column":48}},"4":{"start":{"line":35,"column":27},"end":{"line":35,"column":64}},"5":{"start":{"line":35,"column":33},"end":{"line":35,"column":64}},"6":{"start":{"line":38,"column":2},"end":{"line":38,"column":23}},"7":{"start":{"line":42,"column":18},"end":{"line":42,"column":35}}},"fnMap":{"0":{"name":"(anonymous_0)","decl":{"start":{"line":35,"column":27},"end":{"line":35,"column":28}},"loc":{"start":{"line":35,"column":33},"end":{"line":35,"column":64}},"line":35},"1":{"name":"logOut","decl":{"start":{"line":37,"column":16},"end":{"line":37,"column":22}},"loc":{"start":{"line":37,"column":25},"end":{"line":39,"column":1}},"line":37}},"branchMap":{},"s":{"0":1,"1":1,"2":1,"3":1,"4":1,"5":0,"6":0,"7":1},"f":{"0":0,"1":0},"b":{},"_coverageSchema":"1a1c01bbd47fc00a2c39e90264f33305004495a9","hash":"9e7b1c9cf8d2dd0b1aa7ec9f217f937c0ebdf205"}
}
