{"/Users/rosario/Documents/GitHub/DEV001-notesR/src/App.jsx": {"path":"/Users/rosario/Documents/GitHub/DEV001-notesR/src/App.jsx","statementMap":{"0":{"start":{"line":11,"column":2},"end":{"line":18,"column":4}}},"fnMap":{"0":{"name":"App","decl":{"start":{"line":10,"column":9},"end":{"line":10,"column":12}},"loc":{"start":{"line":10,"column":15},"end":{"line":19,"column":1}},"line":10}},"branchMap":{},"s":{"0":1},"f":{"0":1},"b":{},"_coverageSchema":"1a1c01bbd47fc00a2c39e90264f33305004495a9","hash":"e5e8289c22248b140c672c0bec7937bb81821f08"}
,"/Users/rosario/Documents/GitHub/DEV001-notesR/src/main.jsx": {"path":"/Users/rosario/Documents/GitHub/DEV001-notesR/src/main.jsx","statementMap":{"0":{"start":{"line":6,"column":0},"end":{"line":10,"column":2}}},"fnMap":{},"branchMap":{},"s":{"0":0},"f":{},"b":{}}
,"/Users/rosario/Documents/GitHub/DEV001-notesR/src/components/Login.jsx": {"path":"/Users/rosario/Documents/GitHub/DEV001-notesR/src/components/Login.jsx","statementMap":{"0":{"start":{"line":8,"column":19},"end":{"line":8,"column":32}},"1":{"start":{"line":9,"column":23},"end":{"line":15,"column":3}},"2":{"start":{"line":10,"column":4},"end":{"line":14,"column":28}},"3":{"start":{"line":11,"column":6},"end":{"line":11,"column":25}},"4":{"start":{"line":17,"column":2},"end":{"line":32,"column":4}}},"fnMap":{"0":{"name":"Login","decl":{"start":{"line":7,"column":9},"end":{"line":7,"column":14}},"loc":{"start":{"line":7,"column":17},"end":{"line":33,"column":1}},"line":7},"1":{"name":"(anonymous_1)","decl":{"start":{"line":9,"column":23},"end":{"line":9,"column":24}},"loc":{"start":{"line":9,"column":29},"end":{"line":15,"column":3}},"line":9},"2":{"name":"(anonymous_2)","decl":{"start":{"line":10,"column":23},"end":{"line":10,"column":24}},"loc":{"start":{"line":10,"column":29},"end":{"line":12,"column":5}},"line":10}},"branchMap":{},"s":{"0":1,"1":1,"2":0,"3":0,"4":1},"f":{"0":1,"1":0,"2":0},"b":{},"_coverageSchema":"1a1c01bbd47fc00a2c39e90264f33305004495a9","hash":"26b48117f4c0f8eae3536b75268a95a7fec7f3fc"}
,"/Users/rosario/Documents/GitHub/DEV001-notesR/src/components/Notes.jsx": {"path":"/Users/rosario/Documents/GitHub/DEV001-notesR/src/components/Notes.jsx","statementMap":{"0":{"start":{"line":9,"column":26},"end":{"line":9,"column":38}},"1":{"start":{"line":10,"column":15},"end":{"line":10,"column":24}},"2":{"start":{"line":11,"column":2},"end":{"line":16,"column":5}},"3":{"start":{"line":12,"column":28},"end":{"line":12,"column":32}},"4":{"start":{"line":13,"column":4},"end":{"line":15,"column":5}},"5":{"start":{"line":14,"column":6},"end":{"line":14,"column":27}},"6":{"start":{"line":18,"column":19},"end":{"line":18,"column":32}},"7":{"start":{"line":19,"column":18},"end":{"line":26,"column":3}},"8":{"start":{"line":20,"column":4},"end":{"line":25,"column":7}},"9":{"start":{"line":21,"column":6},"end":{"line":21,"column":47}},"10":{"start":{"line":22,"column":6},"end":{"line":22,"column":20}},"11":{"start":{"line":24,"column":6},"end":{"line":24,"column":25}},"12":{"start":{"line":28,"column":2},"end":{"line":38,"column":4}}},"fnMap":{"0":{"name":"Notes","decl":{"start":{"line":8,"column":9},"end":{"line":8,"column":14}},"loc":{"start":{"line":8,"column":17},"end":{"line":39,"column":1}},"line":8},"1":{"name":"(anonymous_1)","decl":{"start":{"line":11,"column":27},"end":{"line":11,"column":28}},"loc":{"start":{"line":11,"column":37},"end":{"line":16,"column":3}},"line":11},"2":{"name":"(anonymous_2)","decl":{"start":{"line":19,"column":18},"end":{"line":19,"column":19}},"loc":{"start":{"line":19,"column":24},"end":{"line":26,"column":3}},"line":19},"3":{"name":"(anonymous_3)","decl":{"start":{"line":20,"column":22},"end":{"line":20,"column":23}},"loc":{"start":{"line":20,"column":28},"end":{"line":23,"column":5}},"line":20},"4":{"name":"(anonymous_4)","decl":{"start":{"line":23,"column":13},"end":{"line":23,"column":14}},"loc":{"start":{"line":23,"column":24},"end":{"line":25,"column":5}},"line":23}},"branchMap":{"0":{"loc":{"start":{"line":13,"column":4},"end":{"line":15,"column":5}},"type":"if","locations":[{"start":{"line":13,"column":4},"end":{"line":15,"column":5}},{"start":{},"end":{}}],"line":13}},"s":{"0":0,"1":0,"2":0,"3":0,"4":0,"5":0,"6":0,"7":0,"8":0,"9":0,"10":0,"11":0,"12":0},"f":{"0":0,"1":0,"2":0,"3":0,"4":0},"b":{"0":[0,0]},"_coverageSchema":"1a1c01bbd47fc00a2c39e90264f33305004495a9","hash":"33b0924b603cfabc1699cfe5b52dad07268470d7"}
,"/Users/rosario/Documents/GitHub/DEV001-notesR/src/components/Signup.jsx": {"path":"/Users/rosario/Documents/GitHub/DEV001-notesR/src/components/Signup.jsx","statementMap":{"0":{"start":{"line":4,"column":2},"end":{"line":4,"column":36}}},"fnMap":{"0":{"name":"Signup","decl":{"start":{"line":3,"column":9},"end":{"line":3,"column":15}},"loc":{"start":{"line":3,"column":18},"end":{"line":5,"column":1}},"line":3}},"branchMap":{},"s":{"0":0},"f":{"0":0},"b":{}}
,"/Users/rosario/Documents/GitHub/DEV001-notesR/src/firebase/Auth.jsx": {"path":"/Users/rosario/Documents/GitHub/DEV001-notesR/src/firebase/Auth.jsx","statementMap":{"0":{"start":{"line":7,"column":23},"end":{"line":15,"column":1}},"1":{"start":{"line":17,"column":19},"end":{"line":17,"column":48}},"2":{"start":{"line":18,"column":20},"end":{"line":18,"column":32}},"3":{"start":{"line":22,"column":27},"end":{"line":25,"column":1}},"4":{"start":{"line":23,"column":19},"end":{"line":23,"column":43}},"5":{"start":{"line":24,"column":2},"end":{"line":24,"column":41}},"6":{"start":{"line":28,"column":2},"end":{"line":28,"column":23}}},"fnMap":{"0":{"name":"(anonymous_0)","decl":{"start":{"line":22,"column":27},"end":{"line":22,"column":28}},"loc":{"start":{"line":22,"column":33},"end":{"line":25,"column":1}},"line":22},"1":{"name":"logOut","decl":{"start":{"line":27,"column":16},"end":{"line":27,"column":22}},"loc":{"start":{"line":27,"column":25},"end":{"line":29,"column":1}},"line":27}},"branchMap":{},"s":{"0":1,"1":1,"2":1,"3":1,"4":0,"5":0,"6":0},"f":{"0":0,"1":0},"b":{},"_coverageSchema":"1a1c01bbd47fc00a2c39e90264f33305004495a9","hash":"73dc45944e20942c4e914710315cb94d1572cd87"}
}
