TN:
SF:src/App.jsx
FN:10,App
FNF:1
FNH:1
FNDA:1,App
DA:11,1
LF:1
LH:1
BRF:0
BRH:0
end_of_record
TN:
SF:src/main.jsx
FNF:0
FNH:0
DA:6,0
LF:1
LH:0
BRF:0
BRH:0
end_of_record
TN:
SF:src/components/Login.jsx
FN:7,Login
FN:9,(anonymous_1)
FN:10,(anonymous_2)
FNF:3
FNH:1
FNDA:1,Login
FNDA:0,(anonymous_1)
FNDA:0,(anonymous_2)
DA:8,1
DA:9,1
DA:10,0
DA:11,0
DA:17,1
LF:5
LH:3
BRF:0
BRH:0
end_of_record
TN:
SF:src/components/Notes.jsx
FN:8,Notes
FN:11,(anonymous_1)
FN:19,(anonymous_2)
FN:20,(anonymous_3)
FN:23,(anonymous_4)
FNF:5
FNH:0
FNDA:0,Notes
FNDA:0,(anonymous_1)
FNDA:0,(anonymous_2)
FNDA:0,(anonymous_3)
FNDA:0,(anonymous_4)
DA:9,0
DA:10,0
DA:11,0
DA:12,0
DA:13,0
DA:14,0
DA:18,0
DA:19,0
DA:20,0
DA:21,0
DA:22,0
DA:24,0
DA:28,0
LF:13
LH:0
BRDA:13,0,0,0
BRDA:13,0,1,0
BRF:2
BRH:0
end_of_record
TN:
SF:src/components/Signup.jsx
FN:3,Signup
FNF:1
FNH:0
FNDA:0,Signup
DA:4,0
LF:1
LH:0
BRF:0
BRH:0
end_of_record
TN:
SF:src/firebase/Auth.jsx
FN:22,(anonymous_0)
FN:27,logOut
FNF:2
FNH:0
FNDA:0,(anonymous_0)
FNDA:0,logOut
DA:7,1
DA:17,1
DA:18,1
DA:22,1
DA:23,0
DA:24,0
DA:28,0
LF:7
LH:4
BRF:0
BRH:0
end_of_record
